<?xml version="1.0" encoding="UTF-8"?>
<coverage generated="1575933290401" clover="3.2.0">
  <project timestamp="1575933290401" name="All files">
    <metrics statements="10" coveredstatements="10" conditionals="3" coveredconditionals="0" methods="2" coveredmethods="2" elements="15" coveredelements="12" complexity="0" loc="10" ncloc="10" packages="1" files="2" classes="2"/>
    <file name="createResponse.js" path="/Users/aaronmullan/alchemy/careertrack/lab06/lib/utils/createResponse.js">
      <metrics statements="2" coveredstatements="2" conditionals="3" coveredconditionals="0" methods="1" coveredmethods="1"/>
      <line num="1" count="1" type="cond" truecount="0" falsecount="3"/>
      <line num="2" count="1" type="stmt"/>
    </file>
    <file name="parseRequest.js" path="/Users/aaronmullan/alchemy/careertrack/lab06/lib/utils/parseRequest.js">
      <metrics statements="8" coveredstatements="8" conditionals="0" coveredconditionals="0" methods="1" coveredmethods="1"/>
      <line num="1" count="1" type="stmt"/>
      <line num="5" count="1" type="stmt"/>
      <line num="6" count="2" type="stmt"/>
      <line num="7" count="2" type="stmt"/>
      <line num="8" count="2" type="stmt"/>
      <line num="9" count="2" type="stmt"/>
      <line num="10" count="2" type="stmt"/>
      <line num="11" count="2" type="stmt"/>
    </file>
  </project>
</coverage>
