{"/Users/aaronmullan/alchemy/careertrack/lab06/lib/utils/createResponse.js": {"path":"/Users/aaronmullan/alchemy/careertrack/lab06/lib/utils/createResponse.js","statementMap":{"0":{"start":{"line":1,"column":0},"end":{"line":8,"column":2}},"1":{"start":{"line":2,"column":2},"end":{"line":7,"column":18}}},"fnMap":{"0":{"name":"(anonymous_0)","decl":{"start":{"line":1,"column":17},"end":{"line":1,"column":18}},"loc":{"start":{"line":1,"column":82},"end":{"line":8,"column":1}},"line":1}},"branchMap":{"0":{"loc":{"start":{"line":1,"column":20},"end":{"line":1,"column":29}},"type":"default-arg","locations":[{"start":{"line":1,"column":27},"end":{"line":1,"column":29}}],"line":1},"1":{"loc":{"start":{"line":1,"column":31},"end":{"line":1,"column":56}},"type":"default-arg","locations":[{"start":{"line":1,"column":45},"end":{"line":1,"column":56}}],"line":1},"2":{"loc":{"start":{"line":1,"column":58},"end":{"line":1,"column":75}},"type":"default-arg","locations":[{"start":{"line":1,"column":67},"end":{"line":1,"column":75}}],"line":1}},"s":{"0":1,"1":1},"f":{"0":1},"b":{"0":[0],"1":[0],"2":[0]},"_coverageSchema":"43e27e138ebf9cfc5966b082cf9a028302ed4184","hash":"e2acb69108f37662c4da1b5c0d04fdf8027272cd"}
,"/Users/aaronmullan/alchemy/careertrack/lab06/lib/utils/parseRequest.js": {"path":"/Users/aaronmullan/alchemy/careertrack/lab06/lib/utils/parseRequest.js","statementMap":{"0":{"start":{"line":1,"column":18},"end":{"line":3,"column":20}},"1":{"start":{"line":5,"column":0},"end":{"line":12,"column":2}},"2":{"start":{"line":6,"column":23},"end":{"line":6,"column":45}},"3":{"start":{"line":7,"column":19},"end":{"line":7,"column":45}},"4":{"start":{"line":8,"column":17},"end":{"line":8,"column":28}},"5":{"start":{"line":9,"column":15},"end":{"line":9,"column":26}},"6":{"start":{"line":10,"column":15},"end":{"line":10,"column":46}},"7":{"start":{"line":11,"column":2},"end":{"line":11,"column":32}}},"fnMap":{"0":{"name":"(anonymous_0)","decl":{"start":{"line":5,"column":17},"end":{"line":5,"column":18}},"loc":{"start":{"line":5,"column":31},"end":{"line":12,"column":1}},"line":5}},"branchMap":{},"s":{"0":1,"1":1,"2":2,"3":2,"4":2,"5":2,"6":2,"7":2},"f":{"0":2},"b":{},"_coverageSchema":"43e27e138ebf9cfc5966b082cf9a028302ed4184","hash":"a45b11a049188cc825574183e0df3802902df03c"}
}
