{"/Users/aaronmullan/alchemy/careertrack/lab06/lib/app.js": {"path":"/Users/aaronmullan/alchemy/careertrack/lab06/lib/app.js","statementMap":{"0":{"start":{"line":1,"column":12},"end":{"line":1,"column":26}},"1":{"start":{"line":2,"column":21},"end":{"line":2,"column":52}},"2":{"start":{"line":3,"column":23},"end":{"line":3,"column":56}},"3":{"start":{"line":5,"column":12},"end":{"line":16,"column":2}},"4":{"start":{"line":6,"column":2},"end":{"line":15,"column":5}},"5":{"start":{"line":7,"column":20},"end":{"line":7,"column":49}},"6":{"start":{"line":8,"column":4},"end":{"line":14,"column":5}},"7":{"start":{"line":9,"column":6},"end":{"line":9,"column":94}},"8":{"start":{"line":10,"column":11},"end":{"line":14,"column":5}},"9":{"start":{"line":11,"column":6},"end":{"line":11,"column":107}},"10":{"start":{"line":13,"column":6},"end":{"line":13,"column":108}},"11":{"start":{"line":18,"column":0},"end":{"line":18,"column":21}}},"fnMap":{"0":{"name":"(anonymous_0)","decl":{"start":{"line":5,"column":29},"end":{"line":5,"column":30}},"loc":{"start":{"line":5,"column":39},"end":{"line":16,"column":1}},"line":5},"1":{"name":"(anonymous_1)","decl":{"start":{"line":6,"column":20},"end":{"line":6,"column":21}},"loc":{"start":{"line":6,"column":28},"end":{"line":15,"column":3}},"line":6}},"branchMap":{"0":{"loc":{"start":{"line":8,"column":4},"end":{"line":14,"column":5}},"type":"if","locations":[{"start":{"line":8,"column":4},"end":{"line":14,"column":5}},{"start":{"line":8,"column":4},"end":{"line":14,"column":5}}],"line":8},"1":{"loc":{"start":{"line":8,"column":7},"end":{"line":8,"column":55}},"type":"binary-expr","locations":[{"start":{"line":8,"column":7},"end":{"line":8,"column":27}},{"start":{"line":8,"column":31},"end":{"line":8,"column":55}}],"line":8},"2":{"loc":{"start":{"line":10,"column":11},"end":{"line":14,"column":5}},"type":"if","locations":[{"start":{"line":10,"column":11},"end":{"line":14,"column":5}},{"start":{"line":10,"column":11},"end":{"line":14,"column":5}}],"line":10},"3":{"loc":{"start":{"line":10,"column":14},"end":{"line":10,"column":63}},"type":"binary-expr","locations":[{"start":{"line":10,"column":14},"end":{"line":10,"column":34}},{"start":{"line":10,"column":38},"end":{"line":10,"column":63}}],"line":10}},"s":{"0":1,"1":1,"2":1,"3":1,"4":2,"5":2,"6":2,"7":1,"8":1,"9":1,"10":0,"11":1},"f":{"0":2,"1":2},"b":{"0":[1,1],"1":[2,2],"2":[1,0],"3":[1,1]},"_coverageSchema":"43e27e138ebf9cfc5966b082cf9a028302ed4184","hash":"99b96c69a47940764abc911754d1ad9b728f2be1"}
,"/Users/aaronmullan/alchemy/careertrack/lab06/lib/utils/createResponse.js": {"path":"/Users/aaronmullan/alchemy/careertrack/lab06/lib/utils/createResponse.js","statementMap":{"0":{"start":{"line":1,"column":0},"end":{"line":8,"column":2}},"1":{"start":{"line":2,"column":2},"end":{"line":7,"column":16}}},"fnMap":{"0":{"name":"(anonymous_0)","decl":{"start":{"line":1,"column":17},"end":{"line":1,"column":18}},"loc":{"start":{"line":1,"column":82},"end":{"line":8,"column":1}},"line":1}},"branchMap":{"0":{"loc":{"start":{"line":1,"column":20},"end":{"line":1,"column":29}},"type":"default-arg","locations":[{"start":{"line":1,"column":27},"end":{"line":1,"column":29}}],"line":1},"1":{"loc":{"start":{"line":1,"column":31},"end":{"line":1,"column":56}},"type":"default-arg","locations":[{"start":{"line":1,"column":45},"end":{"line":1,"column":56}}],"line":1},"2":{"loc":{"start":{"line":1,"column":58},"end":{"line":1,"column":75}},"type":"default-arg","locations":[{"start":{"line":1,"column":67},"end":{"line":1,"column":75}}],"line":1}},"s":{"0":2,"1":3},"f":{"0":3},"b":{"0":[0],"1":[0],"2":[0]},"_coverageSchema":"43e27e138ebf9cfc5966b082cf9a028302ed4184","hash":"aea23708f89434229ac62179e4feda5d35430a3b"}
,"/Users/aaronmullan/alchemy/careertrack/lab06/lib/utils/parseRequest.js": {"path":"/Users/aaronmullan/alchemy/careertrack/lab06/lib/utils/parseRequest.js","statementMap":{"0":{"start":{"line":1,"column":18},"end":{"line":3,"column":20}},"1":{"start":{"line":5,"column":0},"end":{"line":12,"column":2}},"2":{"start":{"line":6,"column":23},"end":{"line":6,"column":45}},"3":{"start":{"line":7,"column":19},"end":{"line":7,"column":45}},"4":{"start":{"line":8,"column":17},"end":{"line":8,"column":28}},"5":{"start":{"line":9,"column":15},"end":{"line":9,"column":26}},"6":{"start":{"line":10,"column":15},"end":{"line":10,"column":46}},"7":{"start":{"line":11,"column":2},"end":{"line":11,"column":32}}},"fnMap":{"0":{"name":"(anonymous_0)","decl":{"start":{"line":5,"column":17},"end":{"line":5,"column":18}},"loc":{"start":{"line":5,"column":31},"end":{"line":12,"column":1}},"line":5}},"branchMap":{},"s":{"0":2,"1":2,"2":4,"3":4,"4":4,"5":4,"6":4,"7":4},"f":{"0":4},"b":{},"_coverageSchema":"43e27e138ebf9cfc5966b082cf9a028302ed4184","hash":"a45b11a049188cc825574183e0df3802902df03c"}
}
