TN:
SF:/Users/aaronmullan/alchemy/careertrack/lab06/lib/app.js
FN:5,(anonymous_0)
FN:6,(anonymous_1)
FNF:2
FNH:2
FNDA:2,(anonymous_0)
FNDA:2,(anonymous_1)
DA:1,1
DA:2,1
DA:3,1
DA:5,1
DA:6,2
DA:7,2
DA:8,2
DA:9,1
DA:10,1
DA:11,1
DA:13,0
DA:18,1
LF:12
LH:11
BRDA:8,0,0,1
BRDA:8,0,1,1
BRDA:8,1,0,2
BRDA:8,1,1,2
BRDA:10,2,0,1
BRDA:10,2,1,0
BRDA:10,3,0,1
BRDA:10,3,1,1
BRF:8
BRH:7
end_of_record
TN:
SF:/Users/aaronmullan/alchemy/careertrack/lab06/lib/utils/createResponse.js
FN:1,(anonymous_0)
FNF:1
FNH:1
FNDA:3,(anonymous_0)
DA:1,2
DA:2,3
LF:2
LH:2
BRDA:1,0,0,0
BRDA:1,1,0,0
BRDA:1,2,0,0
BRF:3
BRH:0
end_of_record
TN:
SF:/Users/aaronmullan/alchemy/careertrack/lab06/lib/utils/parseRequest.js
FN:5,(anonymous_0)
FNF:1
FNH:1
FNDA:4,(anonymous_0)
DA:1,2
DA:5,2
DA:6,4
DA:7,4
DA:8,4
DA:9,4
DA:10,4
DA:11,4
LF:8
LH:8
BRF:0
BRH:0
end_of_record
